build/app/intermediates/manifest_merge_blame_file/debug/manifest-merger-blame-debug-report.txt
1<?xml version="1.0" encoding="utf-8"?>
2<manifest xmlns:android="http://schemas.android.com/apk/res/android"
3    package="com.example.cx_playground"
4    android:versionCode="1"
5    android:versionName="1.0.0" >
6
7    <uses-sdk
8        android:minSdkVersion="16"
9        android:targetSdkVersion="31" />
10    <!--
11         The INTERNET permission is required for development. Specifically,
12         the Flutter tool needs it to communicate with the running application
13         to allow setting breakpoints, to provide hot reload, etc.
14    -->
15    <uses-permission android:name="android.permission.INTERNET" />
15-->src\debug\AndroidManifest.xml:7:5-66
15-->src\debug\AndroidManifest.xml:7:22-64
16    <uses-permission android:name="android.permission.READ_PHONE_STATE" />
16-->src\main\AndroidManifest.xml:3:5-74
16-->src\main\AndroidManifest.xml:3:22-72
17    <uses-permission android:name="android.permission.READ_EXTERNAL_STORAGE" />
17-->src\main\AndroidManifest.xml:4:5-79
17-->src\main\AndroidManifest.xml:4:22-77
18    <uses-permission android:name="android.permission.WRITE_EXTERNAL_STORAGE" />
18-->src\main\AndroidManifest.xml:5:5-80
18-->src\main\AndroidManifest.xml:5:22-78
19
20    <application
21        android:name="android.app.Application"
22        android:appComponentFactory="androidx.core.app.CoreComponentFactory"
22-->[androidx.core:core:1.8.0] AndroidManifest.xml:24:18-86
23        android:debuggable="true"
24        android:icon="@mipmap/ic_launcher"
25        android:label="cx_playground"
26        android:usesCleartextTraffic="true" >
27        <activity
28            android:name="com.example.cx_playground.MainActivity"
29            android:configChanges="orientation|keyboardHidden|keyboard|screenSize|smallestScreenSize|locale|layoutDirection|fontScale|screenLayout|density|uiMode"
30            android:exported="true"
31            android:hardwareAccelerated="true"
32            android:launchMode="singleTop"
33            android:theme="@style/LaunchTheme"
34            android:windowSoftInputMode="adjustResize" >
35
36            <!--
37                 Specifies an Android theme to apply to this Activity as soon as
38                 the Android process has started. This theme is visible to the user
39                 while the Flutter UI initializes. After that, this theme continues
40                 to determine the Window background behind the Flutter UI.
41            -->
42            <meta-data
43                android:name="io.flutter.embedding.android.NormalTheme"
44                android:resource="@style/NormalTheme" />
45
46            <intent-filter>
47                <action android:name="android.intent.action.MAIN" />
48
49                <category android:name="android.intent.category.LAUNCHER" />
50            </intent-filter>
51            <!-- Deep Links -->
52            <intent-filter>
53                <action android:name="android.intent.action.VIEW" />
54
55                <category android:name="android.intent.category.DEFAULT" />
56                <category android:name="android.intent.category.BROWSABLE" />
57                <!-- Accepts URIs that begin with YOUR_SCHEME://YOUR_HOST -->
58                <data
59                    android:host="cxplayground.com"
60                    android:scheme="cxplayg" />
61            </intent-filter>
62        </activity>
63        <!--
64             Don't delete the meta-data below.
65             This is used by the Flutter tool to generate GeneratedPluginRegistrant.java
66        -->
67        <meta-data
68            android:name="flutterEmbedding"
69            android:value="2" />
70
71        <provider
71-->[:image_picker_android] AndroidManifest.xml:10:9-18:20
72            android:name="io.flutter.plugins.imagepicker.ImagePickerFileProvider"
72-->[:image_picker_android] AndroidManifest.xml:11:13-82
73            android:authorities="com.example.cx_playground.flutter.image_provider"
73-->[:image_picker_android] AndroidManifest.xml:12:13-74
74            android:exported="false"
74-->[:image_picker_android] AndroidManifest.xml:13:13-37
75            android:grantUriPermissions="true" >
75-->[:image_picker_android] AndroidManifest.xml:14:13-47
76            <meta-data
76-->[:image_picker_android] AndroidManifest.xml:15:13-17:75
77                android:name="android.support.FILE_PROVIDER_PATHS"
77-->[:image_picker_android] AndroidManifest.xml:16:17-67
78                android:resource="@xml/flutter_image_picker_file_paths" />
78-->[:image_picker_android] AndroidManifest.xml:17:17-72
79        </provider>
80
81        <activity
81-->[:url_launcher_android] AndroidManifest.xml:10:9-13:74
82            android:name="io.flutter.plugins.urllauncher.WebViewActivity"
82-->[:url_launcher_android] AndroidManifest.xml:11:13-74
83            android:exported="false"
83-->[:url_launcher_android] AndroidManifest.xml:12:13-37
84            android:theme="@android:style/Theme.NoTitleBar.Fullscreen" />
84-->[:url_launcher_android] AndroidManifest.xml:13:13-71
85
86        <uses-library
86-->[androidx.window:window:1.0.0-beta04] AndroidManifest.xml:25:9-27:40
87            android:name="androidx.window.extensions"
87-->[androidx.window:window:1.0.0-beta04] AndroidManifest.xml:26:13-54
88            android:required="false" />
88-->[androidx.window:window:1.0.0-beta04] AndroidManifest.xml:27:13-37
89        <uses-library
89-->[androidx.window:window:1.0.0-beta04] AndroidManifest.xml:28:9-30:40
90            android:name="androidx.window.sidecar"
90-->[androidx.window:window:1.0.0-beta04] AndroidManifest.xml:29:13-51
91            android:required="false" />
91-->[androidx.window:window:1.0.0-beta04] AndroidManifest.xml:30:13-37
92    </application>
93
94</manifest>